<?xml version="1.0" encoding="UTF-8"?>
<!-- Generated by org.testng.reporters.JUnitReportReporter -->
<testsuite skipped="0" hostname="DESKTOP-762U0O7" name="login_testClass.login_1test" tests="3" failures="0" timestamp="2022-01-01T16:34:38 IST" time="53.156" errors="0">
  <testcase name="enteronlyuserid" time="24.375" classname="login_testClass.login_1test"/>
  <system-out/>
  <testcase name="onlyloginclick" time="15.761" classname="login_testClass.login_1test"/>
  <system-out/>
  <testcase name="enteronlypassword" time="13.020" classname="login_testClass.login_1test"/>
  <system-out/>
</testsuite> <!-- login_testClass.login_1test -->
